<?xml version="1.0" encoding="UTF-8"?>
<!-- Generated by org.testng.reporters.JUnitReportReporter -->
<testsuite hostname="Ehsan" failures="0" tests="1" name="tests.LoginTest" time="4.919" errors="0" timestamp="2025-03-10T06:14:47 AEDT" skipped="0">
  <testcase classname="tests.LoginTest" name="testValidlogin" time="4.919"/>
</testsuite> <!-- tests.LoginTest -->
