<?xml version="1.0" encoding="UTF-8"?>
<!-- Generated by org.testng.reporters.JUnitReportReporter -->
<testsuite hostname="Ehsan" failures="0" tests="1" name="tests.LoginTest" time="2.797" errors="0" timestamp="2025-03-09T14:27:44 AEDT" skipped="0">
  <testcase classname="tests.LoginTest" name="testValidlogin" time="2.797"/>
</testsuite> <!-- tests.LoginTest -->
